TN:
SF:src/KipuBank.sol
DA:159,44
FN:159,KipuBank.constructor
FNDA:44,KipuBank.constructor
DA:160,44
BRDA:160,0,0,1
DA:161,1
DA:163,43
BRDA:163,1,0,1
DA:164,1
DA:166,42
BRDA:166,2,0,1
DA:167,1
DA:169,41
BRDA:169,3,0,1
DA:170,1
DA:173,40
DA:174,40
DA:175,40
DA:176,40
DA:178,40
DA:179,40
DA:188,4
FN:188,KipuBank.deposit
FNDA:4,KipuBank.deposit
DA:189,3
BRDA:189,4,0,1
DA:190,1
DA:194,2
DA:197,2
DA:209,9
FN:209,KipuBank.depositTokenAsUSD
FNDA:9,KipuBank.depositTokenAsUSD
DA:210,8
BRDA:210,5,0,1
DA:211,1
DA:215,7
BRDA:215,6,0,1
DA:216,1
DA:220,6
DA:223,6
DA:226,4
DA:240,8
FN:240,KipuBank._depositTokenAsUsd
FNDA:8,KipuBank._depositTokenAsUsd
DA:241,8
DA:242,8
BRDA:242,7,0,5
BRDA:242,7,1,2
DA:243,5
DA:245,5
DA:246,5
BRDA:246,8,0,1
DA:247,1
DA:251,3
DA:253,2
DA:254,2
BRDA:254,9,0,-
DA:255,0
DA:258,2
DA:262,6
DA:263,6
DA:264,6
DA:266,6
DA:275,6
FN:275,KipuBank.withdrawUSD
FNDA:6,KipuBank.withdrawUSD
DA:276,6
BRDA:276,10,0,1
DA:277,1
DA:281,5
BRDA:281,11,0,2
DA:282,2
DA:285,3
DA:286,3
BRDA:286,12,0,2
DA:287,2
DA:291,1
DA:292,1
DA:293,1
DA:294,1
DA:297,1
DA:309,2
FN:309,KipuBank._swapTokenForUsdc
FNDA:2,KipuBank._swapTokenForUsdc
DA:311,2
BRDA:311,13,0,2
BRDA:311,13,1,-
DA:312,2
DA:313,2
DA:314,2
DA:317,2
DA:318,2
DA:320,2
DA:324,0
BRDA:324,14,0,-
DA:326,0
DA:329,0
DA:330,0
DA:331,0
DA:334,0
DA:335,0
DA:337,0
DA:350,3
FN:350,KipuBank._getExpectedUsdcAmount
FNDA:3,KipuBank._getExpectedUsdcAmount
DA:351,3
DA:352,3
DA:353,3
DA:355,3
BRDA:355,15,0,3
DA:356,2
DA:357,1
BRDA:357,15,1,1
DA:359,1
DA:367,13
FN:367,KipuBank._getTotalBankValueUsd
FNDA:13,KipuBank._getTotalBankValueUsd
DA:368,13
DA:376,2
FN:376,KipuBank.getUniswapRouter
FNDA:2,KipuBank.getUniswapRouter
DA:377,2
DA:385,1
FN:385,KipuBank.getUSDCAddress
FNDA:1,KipuBank.getUSDCAddress
DA:386,1
DA:396,6
FN:396,KipuBank.getBankValueUSD
FNDA:6,KipuBank.getBankValueUSD
DA:397,6
DA:405,2
FN:405,KipuBank.getBankCapUSD
FNDA:2,KipuBank.getBankCapUSD
DA:406,2
DA:414,2
FN:414,KipuBank.getWithdrawalLimitUSD
FNDA:2,KipuBank.getWithdrawalLimitUSD
DA:415,2
DA:423,3
FN:423,KipuBank.getDepositsCount
FNDA:3,KipuBank.getDepositsCount
DA:424,3
DA:432,1
FN:432,KipuBank.getWithdrawalsCount
FNDA:1,KipuBank.getWithdrawalsCount
DA:433,1
DA:443,3
FN:443,KipuBank.getBankUSDCBalance
FNDA:3,KipuBank.getBankUSDCBalance
DA:444,3
DA:454,10
FN:454,KipuBank.getUserBalance
FNDA:10,KipuBank.getUserBalance
DA:455,10
DA:466,7
FN:466,KipuBank.pauseBank
FNDA:7,KipuBank.pauseBank
DA:467,5
DA:475,3
FN:475,KipuBank.unpauseBank
FNDA:3,KipuBank.unpauseBank
DA:476,1
DA:484,43
FN:484,KipuBank.grantOperatorRole
FNDA:43,KipuBank.grantOperatorRole
DA:485,42
BRDA:485,16,0,1
DA:486,1
DA:489,41
DA:490,41
DA:502,3
FN:502,KipuBank.updateUniswapRouter
FNDA:3,KipuBank.updateUniswapRouter
DA:503,2
BRDA:503,17,0,1
DA:504,1
DA:507,1
DA:508,1
DA:510,1
DA:518,3
FN:518,KipuBank.updateWithdrawalLimit
FNDA:3,KipuBank.updateWithdrawalLimit
DA:519,2
BRDA:519,18,0,1
DA:520,1
DA:523,1
DA:524,1
DA:526,1
DA:534,3
FN:534,KipuBank.updateBankCap
FNDA:3,KipuBank.updateBankCap
DA:535,2
BRDA:535,19,0,1
DA:536,1
DA:539,1
DA:540,1
DA:542,1
FNF:23
FNH:23
LF:128
LH:119
BRF:23
BRH:20
end_of_record
